\BOOKMARK [1][-]{section.1}{\376\377\000I\000n\000t\000e\000g\000r\000a\000l\000s}{}% 1
\BOOKMARK [2][-]{subsection.1.1}{\376\377\000I\000n\000t\000e\000g\000r\000a\000t\000i\000n\000g\000\040\000H\000y\000p\000e\000r\000b\000o\000l\000i\000c\000\040\000F\000u\000n\000c\000t\000i\000o\000n\000s}{section.1}% 2
\BOOKMARK [2][-]{subsection.1.2}{\376\377\000I\000n\000t\000e\000g\000r\000a\000t\000i\000n\000g\000\040\000t\000o\000\040\000H\000y\000p\000e\000r\000b\000o\000l\000i\000c}{section.1}% 3
\BOOKMARK [2][-]{subsection.1.3}{\376\377\000I\000n\000t\000e\000g\000r\000a\000t\000i\000n\000g\000\040\000T\000r\000i\000g\000s}{section.1}% 4
\BOOKMARK [2][-]{subsection.1.4}{\376\377\000I\000n\000t\000e\000g\000r\000a\000t\000i\000n\000g\000\040\000t\000o\000\040\000T\000r\000i\000g\000s}{section.1}% 5
\BOOKMARK [2][-]{subsection.1.5}{\376\377\000W\000e\000i\000e\000r\000s\000t\000r\000a\000s\000s\000\040\000S\000u\000b}{section.1}% 6
\BOOKMARK [1][-]{section.2}{\376\377\000V\000e\000c\000t\000o\000r\000\040\000C\000a\000l\000c\000u\000l\000u\000s}{}% 7
\BOOKMARK [2][-]{subsection.2.1}{\376\377\000T\000e\000n\000s\000o\000r\000s}{section.2}% 8
\BOOKMARK [3][-]{subsubsection.2.1.1}{\376\377\000L\000e\000v\000i\000-\000C\000i\000v\000i\000t\000a}{subsection.2.1}% 9
\BOOKMARK [2][-]{subsection.2.2}{\376\377\000G\000r\000a\000d\000,\000D\000i\000v\000,\000C\000u\000r\000l}{section.2}% 10
\BOOKMARK [3][-]{subsubsection.2.2.1}{\376\377\000D\000i\000r\000e\000c\000t\000i\000o\000n\000a\000l\000\040\000D\000e\000r\000i\000v\000a\000t\000i\000v\000e}{subsection.2.2}% 11
\BOOKMARK [3][-]{subsubsection.2.2.2}{\376\377\000L\000a\000p\000l\000a\000c\000i\000a\000n}{subsection.2.2}% 12
\BOOKMARK [2][-]{subsection.2.3}{\376\377\000G\000r\000e\000e\000n\000,\000\040\000D\000i\000v\000e\000r\000g\000e\000n\000c\000e\000,\000\040\000G\000a\000u\000s\000s\000,\000\040\000S\000t\000o\000k\000e\000s}{section.2}% 13
\BOOKMARK [3][-]{subsubsection.2.3.1}{\376\377\000G\000r\000e\000e\000n}{subsection.2.3}% 14
\BOOKMARK [3][-]{subsubsection.2.3.2}{\376\377\000D\000i\000v\000e\000r\000g\000e\000n\000c\000e}{subsection.2.3}% 15
\BOOKMARK [3][-]{subsubsection.2.3.3}{\376\377\000G\000a\000u\000s\000s}{subsection.2.3}% 16
\BOOKMARK [3][-]{subsubsection.2.3.4}{\376\377\000S\000t\000o\000k\000e\000s}{subsection.2.3}% 17
\BOOKMARK [1][-]{section.3}{\376\377\000C\000u\000r\000v\000i\000l\000i\000n\000e\000a\000r\000\040\000C\000o\000o\000r\000d\000i\000n\000a\000t\000e\000s}{}% 18
\BOOKMARK [2][-]{subsection.3.1}{\376\377\000C\000y\000l\000i\000n\000d\000r\000i\000c\000a\000l}{section.3}% 19
\BOOKMARK [2][-]{subsection.3.2}{\376\377\000S\000p\000h\000e\000r\000i\000c\000a\000l}{section.3}% 20
\BOOKMARK [2][-]{subsection.3.3}{\376\377\000G\000e\000n\000e\000r\000a\000l}{section.3}% 21
\BOOKMARK [2][-]{subsection.3.4}{\376\377\000V\000e\000c\000t\000o\000r\000\040\000J\000a\000c\000o\000b\000i\000a\000n}{section.3}% 22
\BOOKMARK [1][-]{section.4}{\376\377\000C\000a\000l\000c\000u\000l\000u\000s\000\040\000o\000f\000\040\000v\000a\000r\000i\000a\000t\000i\000o\000n\000s}{}% 23
\BOOKMARK [2][-]{subsection.4.1}{\376\377\000I\000n\000d\000e\000p\000e\000n\000d\000e\000n\000t\000\040\000o\000f\000\040\000y}{section.4}% 24
\BOOKMARK [2][-]{subsection.4.2}{\376\377\000I\000n\000d\000e\000p\000e\000n\000d\000e\000n\000t\000\040\000o\000f\000\040\000y\000'}{section.4}% 25
\BOOKMARK [2][-]{subsection.4.3}{\376\377\000I\000n\000d\000e\000p\000e\000n\000d\000e\000n\000t\000\040\000o\000f\000\040\000x}{section.4}% 26
\BOOKMARK [2][-]{subsection.4.4}{\376\377\000M\000u\000l\000t\000i\000v\000a\000r\000i\000a\000t\000e}{section.4}% 27
\BOOKMARK [2][-]{subsection.4.5}{\376\377\000W\000i\000t\000h\000\040\000c\000o\000n\000s\000t\000r\000a\000i\000n\000t}{section.4}% 28
\BOOKMARK [2][-]{subsection.4.6}{\376\377\000H\000i\000g\000h\000e\000r\000\040\000d\000i\000m\000e\000n\000s\000i\000o\000n\000s}{section.4}% 29
\BOOKMARK [1][-]{section.5}{\376\377\000D\000i\000f\000f\000e\000r\000e\000n\000t\000i\000a\000l\000\040\000E\000q\000u\000a\000t\000i\000o\000n\000s}{}% 30
\BOOKMARK [2][-]{subsection.5.1}{\376\377\000E\000u\000l\000e\000r\000-\000C\000a\000u\000c\000h\000y}{section.5}% 31
\BOOKMARK [2][-]{subsection.5.2}{\376\377\000L\000i\000n\000e\000a\000r\000\040\0001\000s\000t\000\040\000o\000r\000d\000e\000r\000\040\000O\000D\000E}{section.5}% 32
\BOOKMARK [2][-]{subsection.5.3}{\376\377\000T\000r\000a\000c\000e\000\040\000a\000n\000d\000\040\000D\000e\000t\000.\000\040\000R\000u\000l\000e}{section.5}% 33
